<?xml version="1.0" encoding="UTF-8"?>
<!-- Generated by org.testng.reporters.JUnitXMLReporter -->
<testsuite ignored="0" hostname="OnursPC" failures="0" tests="4" name="Test" time="41.867" errors="0" timestamp="2023-05-21T13:30:00 EDT">
  <testcase classname="homework_5_7th_2023.MakeMyTrip_TestCases" name="chooseFromMiami" time="6.016"/>
  <testcase classname="homework_5_7th_2023.MakeMyTrip_TestCases" name="choosetoMunich" time="4.666"/>
  <testcase classname="homework_5_7th_2023.MakeMyTrip_TestCases" name="bothChooseAndToInTheSameTestCase" time="10.359"/>
  <testcase classname="homework_5_7th_2023.MakeMyTrip_TestCases" name="chooseDeparture" time="0.02"/>
</testsuite> <!-- Test -->
