<?xml version="1.0" encoding="UTF-8"?>
<!-- Generated by org.testng.reporters.JUnitXMLReporter -->
<testsuite ignored="0" hostname="OnursPC" failures="0" tests="3" name="Chrome Test" time="53.138" errors="0" timestamp="2023-05-20T20:25:33 EDT">
  <testcase classname="homework_5_7th_2023.NBAcom_parallel" name="setUp" time="15.058"/>
  <testcase classname="homework_5_7th_2023.Some_Rediff_TestCases" name="clickOnMyAccount" time="4.397"/>
  <testcase classname="homework_5_7th_2023.Some_Rediff_TestCases" name="loginCredentials" time="10.95"/>
</testsuite> <!-- Chrome Test -->
