<?xml version="1.0" encoding="UTF-8"?>
<!-- Generated by org.testng.reporters.JUnitXMLReporter -->
<testsuite ignored="0" hostname="OnursPC" failures="0" tests="3" name="Edge Test" time="50.295" errors="0" timestamp="2023-05-20T20:26:23 EDT">
  <testcase classname="homework_5_7th_2023.NBAcom_parallel" name="setUp" time="16.252"/>
  <testcase classname="homework_5_7th_2023.Some_Rediff_TestCases" name="clickOnMyAccount" time="1.706"/>
  <testcase classname="homework_5_7th_2023.Some_Rediff_TestCases" name="loginCredentials" time="10.439"/>
</testsuite> <!-- Edge Test -->
