<?xml version="1.0" encoding="UTF-8"?>
<!-- Generated by org.testng.reporters.JUnitXMLReporter -->
<testsuite ignored="0" hostname="OnursPC" failures="0" tests="3" name="Firefox Test" time="55.523" errors="0" timestamp="2023-05-20T20:27:19 EDT">
  <testcase classname="homework_5_7th_2023.NBAcom_parallel" name="setUp" time="22.145"/>
  <testcase classname="homework_5_7th_2023.Some_Rediff_TestCases" name="clickOnMyAccount" time="1.714"/>
  <testcase classname="homework_5_7th_2023.Some_Rediff_TestCases" name="loginCredentials" time="7.466"/>
</testsuite> <!-- Firefox Test -->
