<?xml version="1.0" encoding="UTF-8"?>
<testng-results ignored="0" total="2" passed="2" failed="0" skipped="0">
  <reporter-output>
  </reporter-output>
  <suite started-at="2023-06-29T23:23:03 EDT" name="Default suite" finished-at="2023-06-29T23:23:24 EDT" duration-ms="21336">
    <groups>
    </groups>
    <test started-at="2023-06-29T23:23:03 EDT" name="Default test" finished-at="2023-06-29T23:23:24 EDT" duration-ms="21336">
      <class name="homework_5_7th_2023.Headless_Mode">
        <test-method signature="headlessMode()[pri:1, instance:homework_5_7th_2023.Headless_Mode@4dbb42b7]" started-at="2023-06-29T23:23:03 EDT" name="headlessMode" finished-at="2023-06-29T23:23:13 EDT" duration-ms="9968" status="PASS">
          <reporter-output>
          </reporter-output>
        </test-method> <!-- headlessMode -->
        <test-method signature="headlessModeInFirefox()[pri:2, instance:homework_5_7th_2023.Headless_Mode@4dbb42b7]" started-at="2023-06-29T23:23:13 EDT" name="headlessModeInFirefox" finished-at="2023-06-29T23:23:24 EDT" duration-ms="11326" status="PASS">
          <reporter-output>
          </reporter-output>
        </test-method> <!-- headlessModeInFirefox -->
      </class> <!-- homework_5_7th_2023.Headless_Mode -->
    </test> <!-- Default test -->
  </suite> <!-- Default suite -->
</testng-results>
